0 info it worked if it ends with ok
1 verbose cli [ '/usr/local/bin/node',
1 verbose cli   '/usr/local/bin/npm',
1 verbose cli   'install',
1 verbose cli   '--save',
1 verbose cli   'angular2-localstorage' ]
2 info using npm@3.10.9
3 info using node@v4.4.7
4 silly loadCurrentTree Starting
5 silly install loadCurrentTree
6 silly install readLocalPackageData
7 silly fetchPackageMetaData angular2-localstorage
8 silly fetchNamedPackageData angular2-localstorage
9 silly mapToRegistry name angular2-localstorage
10 silly mapToRegistry using default registry
11 silly mapToRegistry registry https://registry.npmjs.org/
12 silly mapToRegistry data Result {
12 silly mapToRegistry   raw: 'angular2-localstorage',
12 silly mapToRegistry   scope: null,
12 silly mapToRegistry   escapedName: 'angular2-localstorage',
12 silly mapToRegistry   name: 'angular2-localstorage',
12 silly mapToRegistry   rawSpec: '',
12 silly mapToRegistry   spec: 'latest',
12 silly mapToRegistry   type: 'tag' }
13 silly mapToRegistry uri https://registry.npmjs.org/angular2-localstorage
14 verbose request uri https://registry.npmjs.org/angular2-localstorage
15 verbose request no auth needed
16 info attempt registry request try #1 at 10:38:48 AM
17 verbose request using bearer token for auth
18 verbose request id 76d928e7a8da4a87
19 http request GET https://registry.npmjs.org/angular2-localstorage
20 http 200 https://registry.npmjs.org/angular2-localstorage
21 verbose headers { server: 'CouchDB/1.5.0 (Erlang OTP/R16B03)',
21 verbose headers   etag: '"XT1U0EDNX7H5PAIJ2HZITYQ1"',
21 verbose headers   'content-type': 'application/json',
21 verbose headers   'content-encoding': 'gzip',
21 verbose headers   'cache-control': 'max-age=300',
21 verbose headers   'transfer-encoding': 'chunked',
21 verbose headers   'accept-ranges': 'bytes',
21 verbose headers   date: 'Fri, 28 Oct 2016 03:38:42 GMT',
21 verbose headers   via: '1.1 varnish',
21 verbose headers   connection: 'keep-alive',
21 verbose headers   'x-served-by': 'cache-hkg6822-HKG',
21 verbose headers   'x-cache': 'MISS',
21 verbose headers   'x-cache-hits': '0',
21 verbose headers   'x-timer': 'S1477625922.195848,VS0,VE204',
21 verbose headers   vary: 'Accept-Encoding' }
22 silly get cb [ 200,
22 silly get   { server: 'CouchDB/1.5.0 (Erlang OTP/R16B03)',
22 silly get     etag: '"XT1U0EDNX7H5PAIJ2HZITYQ1"',
22 silly get     'content-type': 'application/json',
22 silly get     'content-encoding': 'gzip',
22 silly get     'cache-control': 'max-age=300',
22 silly get     'transfer-encoding': 'chunked',
22 silly get     'accept-ranges': 'bytes',
22 silly get     date: 'Fri, 28 Oct 2016 03:38:42 GMT',
22 silly get     via: '1.1 varnish',
22 silly get     connection: 'keep-alive',
22 silly get     'x-served-by': 'cache-hkg6822-HKG',
22 silly get     'x-cache': 'MISS',
22 silly get     'x-cache-hits': '0',
22 silly get     'x-timer': 'S1477625922.195848,VS0,VE204',
22 silly get     vary: 'Accept-Encoding' } ]
23 verbose get saving angular2-localstorage to /Users/tuannguyen/.npm/registry.npmjs.org/angular2-localstorage/.cache.json
24 verbose correctMkdir /Users/tuannguyen/.npm correctMkdir not in flight; initializing
25 silly install normalizeTree
26 silly loadCurrentTree Finishing
27 silly loadIdealTree Starting
28 silly install loadIdealTree
29 silly cloneCurrentTree Starting
30 silly install cloneCurrentTreeToIdealTree
31 silly cloneCurrentTree Finishing
32 silly loadShrinkwrap Starting
33 silly install loadShrinkwrap
34 silly loadShrinkwrap Finishing
35 silly loadAllDepsIntoIdealTree Starting
36 silly install loadAllDepsIntoIdealTree
37 silly resolveWithNewModule angular2-localstorage@0.4.0 checking installable status
38 silly cache add args [ 'angular2-localstorage', null ]
39 verbose cache add spec angular2-localstorage
40 silly cache add parsed spec Result {
40 silly cache add   raw: 'angular2-localstorage',
40 silly cache add   scope: null,
40 silly cache add   escapedName: 'angular2-localstorage',
40 silly cache add   name: 'angular2-localstorage',
40 silly cache add   rawSpec: '',
40 silly cache add   spec: 'latest',
40 silly cache add   type: 'tag' }
41 silly addNamed angular2-localstorage@latest
42 verbose addNamed "latest" is being treated as a dist-tag for angular2-localstorage
43 info addNameTag [ 'angular2-localstorage', 'latest' ]
44 silly mapToRegistry name angular2-localstorage
45 silly mapToRegistry using default registry
46 silly mapToRegistry registry https://registry.npmjs.org/
47 silly mapToRegistry data Result {
47 silly mapToRegistry   raw: 'angular2-localstorage',
47 silly mapToRegistry   scope: null,
47 silly mapToRegistry   escapedName: 'angular2-localstorage',
47 silly mapToRegistry   name: 'angular2-localstorage',
47 silly mapToRegistry   rawSpec: '',
47 silly mapToRegistry   spec: 'latest',
47 silly mapToRegistry   type: 'tag' }
48 silly mapToRegistry uri https://registry.npmjs.org/angular2-localstorage
49 verbose addNameTag registry:https://registry.npmjs.org/angular2-localstorage not in flight; fetching
50 verbose get https://registry.npmjs.org/angular2-localstorage not expired, no request
51 silly addNameTag next cb for angular2-localstorage with tag latest
52 silly addNamed angular2-localstorage@0.4.0
53 verbose addNamed "0.4.0" is a plain semver version for angular2-localstorage
54 silly mapToRegistry name angular2-localstorage
55 silly mapToRegistry using default registry
56 silly mapToRegistry registry https://registry.npmjs.org/
57 silly mapToRegistry data Result {
57 silly mapToRegistry   raw: 'angular2-localstorage',
57 silly mapToRegistry   scope: null,
57 silly mapToRegistry   escapedName: 'angular2-localstorage',
57 silly mapToRegistry   name: 'angular2-localstorage',
57 silly mapToRegistry   rawSpec: '',
57 silly mapToRegistry   spec: 'latest',
57 silly mapToRegistry   type: 'tag' }
58 silly mapToRegistry uri https://registry.npmjs.org/angular2-localstorage
59 verbose addRemoteTarball https://registry.npmjs.org/angular2-localstorage/-/angular2-localstorage-0.4.0.tgz not in flight; adding
60 verbose addRemoteTarball [ 'https://registry.npmjs.org/angular2-localstorage/-/angular2-localstorage-0.4.0.tgz',
60 verbose addRemoteTarball   '0a44cf5d19cc7ebb6278e3e4817d0ae039c16bf0' ]
61 info retry fetch attempt 1 at 10:38:49 AM
62 info attempt registry request try #1 at 10:38:49 AM
63 http fetch GET https://registry.npmjs.org/angular2-localstorage/-/angular2-localstorage-0.4.0.tgz
64 verbose request using bearer token for auth
65 http fetch 200 https://registry.npmjs.org/angular2-localstorage/-/angular2-localstorage-0.4.0.tgz
66 silly fetchAndShaCheck shasum 0a44cf5d19cc7ebb6278e3e4817d0ae039c16bf0
67 verbose addTmpTarball /var/folders/_h/ln9j6zhn4kb4s63_x7kjc2r40000gn/T/npm-1123-9135b65b/registry.npmjs.org/angular2-localstorage/-/angular2-localstorage-0.4.0.tgz not in flight; adding
68 verbose addTmpTarball already have metadata; skipping unpack for angular2-localstorage@0.4.0
69 verbose correctMkdir /Users/tuannguyen/.npm correctMkdir not in flight; initializing
70 silly cache afterAdd angular2-localstorage@0.4.0
71 verbose afterAdd /Users/tuannguyen/.npm/angular2-localstorage/0.4.0/package/package.json not in flight; writing
72 verbose correctMkdir /Users/tuannguyen/.npm correctMkdir not in flight; initializing
73 verbose afterAdd /Users/tuannguyen/.npm/angular2-localstorage/0.4.0/package/package.json written
74 silly loadAllDepsIntoIdealTree Finishing
75 silly loadIdealTree Finishing
76 silly currentTree fpt-chatbot-frontend@1.0.0
76 silly currentTree ├── @angular/common@2.1.1
76 silly currentTree ├── @angular/compiler@2.1.1
76 silly currentTree ├── @angular/core@2.1.1
76 silly currentTree ├── @angular/forms@2.1.1
76 silly currentTree ├── @angular/http@2.1.1
76 silly currentTree ├── @angular/material@2.0.0-alpha.9-3
76 silly currentTree ├── @angular/platform-browser-dynamic@2.1.1
76 silly currentTree ├── @angular/platform-browser@2.1.1
76 silly currentTree ├── @angular/router@3.1.1
76 silly currentTree ├── @angular/upgrade@2.1.1
76 silly currentTree ├── @types/core-js@0.9.34
76 silly currentTree ├── @types/hammerjs@2.0.33
76 silly currentTree ├── @types/node@6.0.46
76 silly currentTree ├── angular-in-memory-web-api@0.1.13
76 silly currentTree ├── bootstrap@3.3.7
76 silly currentTree ├─┬ concurrently@3.1.0
76 silly currentTree │ ├── bluebird@2.9.6
76 silly currentTree │ ├─┬ chalk@0.5.1
76 silly currentTree │ │ ├── ansi-styles@1.1.0
76 silly currentTree │ │ ├── escape-string-regexp@1.0.5
76 silly currentTree │ │ ├─┬ has-ansi@0.1.0
76 silly currentTree │ │ │ └── ansi-regex@0.2.1
76 silly currentTree │ │ ├─┬ strip-ansi@0.3.0
76 silly currentTree │ │ │ └── ansi-regex@0.2.1
76 silly currentTree │ │ └── supports-color@0.2.0
76 silly currentTree │ ├── commander@2.6.0
76 silly currentTree │ ├── lodash@4.16.4
76 silly currentTree │ ├── moment@2.15.2
76 silly currentTree │ ├── rx@2.3.24
76 silly currentTree │ ├── spawn-default-shell@1.1.0
76 silly currentTree │ └── tree-kill@1.1.0
76 silly currentTree ├── core-js@2.4.1
76 silly currentTree ├─┬ lite-server@2.2.2
76 silly currentTree │ ├─┬ browser-sync@2.17.5
76 silly currentTree │ │ ├─┬ browser-sync-client@2.4.3
76 silly currentTree │ │ │ ├── etag@1.7.0
76 silly currentTree │ │ │ └── fresh@0.3.0
76 silly currentTree │ │ ├─┬ browser-sync-ui@0.6.1
76 silly currentTree │ │ │ ├── async-each-series@0.1.1
76 silly currentTree │ │ │ ├─┬ stream-throttle@0.1.3
76 silly currentTree │ │ │ │ ├─┬ commander@2.9.0
76 silly currentTree │ │ │ │ │ └── graceful-readlink@1.0.1
76 silly currentTree │ │ │ │ └── limiter@1.1.0
76 silly currentTree │ │ │ └─┬ weinre@2.0.0-pre-I0Z7U9OV
76 silly currentTree │ │ │   ├─┬ express@2.5.11
76 silly currentTree │ │ │   │ ├─┬ connect@1.9.2
76 silly currentTree │ │ │   │ │ └── formidable@1.0.17
76 silly currentTree │ │ │   │ ├── mime@1.2.4
76 silly currentTree │ │ │   │ ├── mkdirp@0.3.0
76 silly currentTree │ │ │   │ └── qs@0.4.2
76 silly currentTree │ │ │   ├─┬ nopt@3.0.6
76 silly currentTree │ │ │   │ └── abbrev@1.0.9
76 silly currentTree │ │ │   └── underscore@1.7.0
76 silly currentTree │ │ ├── bs-recipes@1.2.3
76 silly currentTree │ │ ├─┬ chokidar@1.6.0
76 silly currentTree │ │ │ ├─┬ anymatch@1.3.0
76 silly currentTree │ │ │ │ └── arrify@1.0.1
76 silly currentTree │ │ │ ├── async-each@1.0.1
76 silly currentTree │ │ │ ├─┬ fsevents@1.0.14
76 silly currentTree │ │ │ │ ├── abbrev@1.0.9
76 silly currentTree │ │ │ │ ├── ansi-regex@2.0.0
76 silly currentTree │ │ │ │ ├── ansi-styles@2.2.1
76 silly currentTree │ │ │ │ ├── aproba@1.0.4
76 silly currentTree │ │ │ │ ├── are-we-there-yet@1.1.2
76 silly currentTree │ │ │ │ ├── asn1@0.2.3
76 silly currentTree │ │ │ │ ├── assert-plus@0.2.0
76 silly currentTree │ │ │ │ ├── async@1.5.2
76 silly currentTree │ │ │ │ ├── aws-sign2@0.6.0
76 silly currentTree │ │ │ │ ├── aws4@1.4.1
76 silly currentTree │ │ │ │ ├── balanced-match@0.4.2
76 silly currentTree │ │ │ │ ├─┬ bl@1.1.2
76 silly currentTree │ │ │ │ │ └── readable-stream@2.0.6
76 silly currentTree │ │ │ │ ├── block-stream@0.0.9
76 silly currentTree │ │ │ │ ├── boom@2.10.1
76 silly currentTree │ │ │ │ ├── brace-expansion@1.1.5
76 silly currentTree │ │ │ │ ├── buffer-shims@1.0.0
76 silly currentTree │ │ │ │ ├── caseless@0.11.0
76 silly currentTree │ │ │ │ ├── chalk@1.1.3
76 silly currentTree │ │ │ │ ├── code-point-at@1.0.0
76 silly currentTree │ │ │ │ ├── combined-stream@1.0.5
76 silly currentTree │ │ │ │ ├── commander@2.9.0
76 silly currentTree │ │ │ │ ├── concat-map@0.0.1
76 silly currentTree │ │ │ │ ├── console-control-strings@1.1.0
76 silly currentTree │ │ │ │ ├── core-util-is@1.0.2
76 silly currentTree │ │ │ │ ├── cryptiles@2.0.5
76 silly currentTree │ │ │ │ ├─┬ dashdash@1.14.0
76 silly currentTree │ │ │ │ │ └── assert-plus@1.0.0
76 silly currentTree │ │ │ │ ├── debug@2.2.0
76 silly currentTree │ │ │ │ ├── deep-extend@0.4.1
76 silly currentTree │ │ │ │ ├── delayed-stream@1.0.0
76 silly currentTree │ │ │ │ ├── delegates@1.0.0
76 silly currentTree │ │ │ │ ├── ecc-jsbn@0.1.1
76 silly currentTree │ │ │ │ ├── escape-string-regexp@1.0.5
76 silly currentTree │ │ │ │ ├── extend@3.0.0
76 silly currentTree │ │ │ │ ├── extsprintf@1.0.2
76 silly currentTree │ │ │ │ ├── forever-agent@0.6.1
76 silly currentTree │ │ │ │ ├── form-data@1.0.0-rc4
76 silly currentTree │ │ │ │ ├── fs.realpath@1.0.0
76 silly currentTree │ │ │ │ ├── fstream-ignore@1.0.5
76 silly currentTree │ │ │ │ ├── fstream@1.0.10
76 silly currentTree │ │ │ │ ├── gauge@2.6.0
76 silly currentTree │ │ │ │ ├── generate-function@2.0.0
76 silly currentTree │ │ │ │ ├── generate-object-property@1.2.0
76 silly currentTree │ │ │ │ ├─┬ getpass@0.1.6
76 silly currentTree │ │ │ │ │ └── assert-plus@1.0.0
76 silly currentTree │ │ │ │ ├── glob@7.0.5
76 silly currentTree │ │ │ │ ├── graceful-fs@4.1.4
76 silly currentTree │ │ │ │ ├── graceful-readlink@1.0.1
76 silly currentTree │ │ │ │ ├── har-validator@2.0.6
76 silly currentTree │ │ │ │ ├── has-ansi@2.0.0
76 silly currentTree │ │ │ │ ├── has-color@0.1.7
76 silly currentTree │ │ │ │ ├── has-unicode@2.0.1
76 silly currentTree │ │ │ │ ├── hawk@3.1.3
76 silly currentTree │ │ │ │ ├── hoek@2.16.3
76 silly currentTree │ │ │ │ ├── http-signature@1.1.1
76 silly currentTree │ │ │ │ ├── inflight@1.0.5
76 silly currentTree │ │ │ │ ├── inherits@2.0.1
76 silly currentTree │ │ │ │ ├── ini@1.3.4
76 silly currentTree │ │ │ │ ├── is-fullwidth-code-point@1.0.0
76 silly currentTree │ │ │ │ ├── is-my-json-valid@2.13.1
76 silly currentTree │ │ │ │ ├── is-property@1.0.2
76 silly currentTree │ │ │ │ ├── is-typedarray@1.0.0
76 silly currentTree │ │ │ │ ├── isarray@1.0.0
76 silly currentTree │ │ │ │ ├── isstream@0.1.2
76 silly currentTree │ │ │ │ ├── jodid25519@1.0.2
76 silly currentTree │ │ │ │ ├── jsbn@0.1.0
76 silly currentTree │ │ │ │ ├── json-schema@0.2.2
76 silly currentTree │ │ │ │ ├── json-stringify-safe@5.0.1
76 silly currentTree │ │ │ │ ├── jsonpointer@2.0.0
76 silly currentTree │ │ │ │ ├── jsprim@1.3.0
76 silly currentTree │ │ │ │ ├── mime-db@1.23.0
76 silly currentTree │ │ │ │ ├── mime-types@2.1.11
76 silly currentTree │ │ │ │ ├── minimatch@3.0.2
76 silly currentTree │ │ │ │ ├── minimist@0.0.8
76 silly currentTree │ │ │ │ ├── mkdirp@0.5.1
76 silly currentTree │ │ │ │ ├── ms@0.7.1
76 silly currentTree │ │ │ │ ├── nan@2.4.0
76 silly currentTree │ │ │ │ ├── node-pre-gyp@0.6.29
76 silly currentTree │ │ │ │ ├── node-uuid@1.4.7
76 silly currentTree │ │ │ │ ├── nopt@3.0.6
76 silly currentTree │ │ │ │ ├── npmlog@3.1.2
76 silly currentTree │ │ │ │ ├── number-is-nan@1.0.0
76 silly currentTree │ │ │ │ ├── oauth-sign@0.8.2
76 silly currentTree │ │ │ │ ├── object-assign@4.1.0
76 silly currentTree │ │ │ │ ├── once@1.3.3
76 silly currentTree │ │ │ │ ├── path-is-absolute@1.0.0
76 silly currentTree │ │ │ │ ├── pinkie-promise@2.0.1
76 silly currentTree │ │ │ │ ├── pinkie@2.0.4
76 silly currentTree │ │ │ │ ├── process-nextick-args@1.0.7
76 silly currentTree │ │ │ │ ├── qs@6.2.0
76 silly currentTree │ │ │ │ ├─┬ rc@1.1.6
76 silly currentTree │ │ │ │ │ └── minimist@1.2.0
76 silly currentTree │ │ │ │ ├── readable-stream@2.1.4
76 silly currentTree │ │ │ │ ├── request@2.73.0
76 silly currentTree │ │ │ │ ├── rimraf@2.5.3
76 silly currentTree │ │ │ │ ├── semver@5.2.0
76 silly currentTree │ │ │ │ ├── set-blocking@2.0.0
76 silly currentTree │ │ │ │ ├── signal-exit@3.0.0
76 silly currentTree │ │ │ │ ├── sntp@1.0.9
76 silly currentTree │ │ │ │ ├─┬ sshpk@1.8.3
76 silly currentTree │ │ │ │ │ └── assert-plus@1.0.0
76 silly currentTree │ │ │ │ ├── string_decoder@0.10.31
76 silly currentTree │ │ │ │ ├── string-width@1.0.1
76 silly currentTree │ │ │ │ ├── stringstream@0.0.5
76 silly currentTree │ │ │ │ ├── strip-ansi@3.0.1
76 silly currentTree │ │ │ │ ├── strip-json-comments@1.0.4
76 silly currentTree │ │ │ │ ├── supports-color@2.0.0
76 silly currentTree │ │ │ │ ├── tar-pack@3.1.4
76 silly currentTree │ │ │ │ ├── tar@2.2.1
76 silly currentTree │ │ │ │ ├── tough-cookie@2.2.2
76 silly currentTree │ │ │ │ ├── tunnel-agent@0.4.3
76 silly currentTree │ │ │ │ ├── tweetnacl@0.13.3
76 silly currentTree │ │ │ │ ├── uid-number@0.0.6
76 silly currentTree │ │ │ │ ├── util-deprecate@1.0.2
76 silly currentTree │ │ │ │ ├── verror@1.3.6
76 silly currentTree │ │ │ │ ├── wide-align@1.1.0
76 silly currentTree │ │ │ │ ├── wrappy@1.0.2
76 silly currentTree │ │ │ │ └── xtend@4.0.1
76 silly currentTree │ │ │ ├── glob-parent@2.0.0
76 silly currentTree │ │ │ ├── inherits@2.0.3
76 silly currentTree │ │ │ ├─┬ is-binary-path@1.0.1
76 silly currentTree │ │ │ │ └── binary-extensions@1.7.0
76 silly currentTree │ │ │ ├─┬ is-glob@2.0.1
76 silly currentTree │ │ │ │ └── is-extglob@1.0.0
76 silly currentTree │ │ │ ├── path-is-absolute@1.0.1
76 silly currentTree │ │ │ └─┬ readdirp@2.1.0
76 silly currentTree │ │ │   ├── graceful-fs@4.1.9
76 silly currentTree │ │ │   ├─┬ minimatch@3.0.3
76 silly currentTree │ │ │   │ └─┬ brace-expansion@1.1.6
76 silly currentTree │ │ │   │   ├── balanced-match@0.4.2
76 silly currentTree │ │ │   │   └── concat-map@0.0.1
76 silly currentTree │ │ │   ├─┬ readable-stream@2.1.5
76 silly currentTree │ │ │   │ ├── buffer-shims@1.0.0
76 silly currentTree │ │ │   │ ├── core-util-is@1.0.2
76 silly currentTree │ │ │   │ ├── isarray@1.0.0
76 silly currentTree │ │ │   │ ├── process-nextick-args@1.0.7
76 silly currentTree │ │ │   │ ├── string_decoder@0.10.31
76 silly currentTree │ │ │   │ └── util-deprecate@1.0.2
76 silly currentTree │ │ │   └── set-immediate-shim@1.0.1
76 silly currentTree │ │ ├─┬ connect@3.5.0
76 silly currentTree │ │ │ ├─┬ debug@2.2.0
76 silly currentTree │ │ │ │ └── ms@0.7.1
76 silly currentTree │ │ │ ├─┬ finalhandler@0.5.0
76 silly currentTree │ │ │ │ ├── escape-html@1.0.3
76 silly currentTree │ │ │ │ ├─┬ on-finished@2.3.0
76 silly currentTree │ │ │ │ │ └── ee-first@1.1.1
76 silly currentTree │ │ │ │ ├── statuses@1.3.0
76 silly currentTree │ │ │ │ └── unpipe@1.0.0
76 silly currentTree │ │ │ ├── parseurl@1.3.1
76 silly currentTree │ │ │ └── utils-merge@1.0.0
76 silly currentTree │ │ ├── dev-ip@1.0.1
76 silly currentTree │ │ ├─┬ easy-extender@2.3.2
76 silly currentTree │ │ │ └── lodash@3.10.1
76 silly currentTree │ │ ├─┬ eazy-logger@3.0.2
76 silly currentTree │ │ │ └─┬ tfunk@3.0.2
76 silly currentTree │ │ │   ├─┬ chalk@1.1.3
76 silly currentTree │ │ │   │ ├── ansi-styles@2.2.1
76 silly currentTree │ │ │   │ ├── escape-string-regexp@1.0.5
76 silly currentTree │ │ │   │ ├─┬ has-ansi@2.0.0
76 silly currentTree │ │ │   │ │ └── ansi-regex@2.0.0
76 silly currentTree │ │ │   │ ├─┬ strip-ansi@3.0.1
76 silly currentTree │ │ │   │ │ └── ansi-regex@2.0.0
76 silly currentTree │ │ │   │ └── supports-color@2.0.0
76 silly currentTree │ │ │   └── object-path@0.9.2
76 silly currentTree │ │ ├── emitter-steward@1.0.0
76 silly currentTree │ │ ├─┬ fs-extra@0.30.0
76 silly currentTree │ │ │ ├── graceful-fs@4.1.9
76 silly currentTree │ │ │ ├── jsonfile@2.4.0
76 silly currentTree │ │ │ ├── klaw@1.3.1
76 silly currentTree │ │ │ ├── path-is-absolute@1.0.1
76 silly currentTree │ │ │ └─┬ rimraf@2.5.4
76 silly currentTree │ │ │   └─┬ glob@7.1.1
76 silly currentTree │ │ │     ├── fs.realpath@1.0.0
76 silly currentTree │ │ │     ├─┬ inflight@1.0.6
76 silly currentTree │ │ │     │ └── wrappy@1.0.2
76 silly currentTree │ │ │     ├── inherits@2.0.3
76 silly currentTree │ │ │     ├─┬ minimatch@3.0.3
76 silly currentTree │ │ │     │ └─┬ brace-expansion@1.1.6
76 silly currentTree │ │ │     │   ├── balanced-match@0.4.2
76 silly currentTree │ │ │     │   └── concat-map@0.0.1
76 silly currentTree │ │ │     └─┬ once@1.4.0
76 silly currentTree │ │ │       └── wrappy@1.0.2
76 silly currentTree │ │ ├─┬ http-proxy@1.15.1
76 silly currentTree │ │ │ ├── eventemitter3@1.2.0
76 silly currentTree │ │ │ └── requires-port@1.0.0
76 silly currentTree │ │ ├── immutable@3.8.1
76 silly currentTree │ │ ├─┬ localtunnel@1.8.1
76 silly currentTree │ │ │ ├─┬ debug@2.2.0
76 silly currentTree │ │ │ │ └── ms@0.7.1
76 silly currentTree │ │ │ ├── openurl@1.1.0
76 silly currentTree │ │ │ ├─┬ request@2.65.0
76 silly currentTree │ │ │ │ ├── aws-sign2@0.6.0
76 silly currentTree │ │ │ │ ├─┬ bl@1.0.3
76 silly currentTree │ │ │ │ │ └─┬ readable-stream@2.0.6
76 silly currentTree │ │ │ │ │   ├── core-util-is@1.0.2
76 silly currentTree │ │ │ │ │   ├── inherits@2.0.3
76 silly currentTree │ │ │ │ │   ├── isarray@1.0.0
76 silly currentTree │ │ │ │ │   ├── process-nextick-args@1.0.7
76 silly currentTree │ │ │ │ │   ├── string_decoder@0.10.31
76 silly currentTree │ │ │ │ │   └── util-deprecate@1.0.2
76 silly currentTree │ │ │ │ ├── caseless@0.11.0
76 silly currentTree │ │ │ │ ├─┬ combined-stream@1.0.5
76 silly currentTree │ │ │ │ │ └── delayed-stream@1.0.0
76 silly currentTree │ │ │ │ ├── extend@3.0.0
76 silly currentTree │ │ │ │ ├── forever-agent@0.6.1
76 silly currentTree │ │ │ │ ├─┬ form-data@1.0.1
76 silly currentTree │ │ │ │ │ └── async@2.1.2
76 silly currentTree │ │ │ │ ├─┬ har-validator@2.0.6
76 silly currentTree │ │ │ │ │ ├─┬ chalk@1.1.3
76 silly currentTree │ │ │ │ │ │ ├── ansi-styles@2.2.1
76 silly currentTree │ │ │ │ │ │ ├── escape-string-regexp@1.0.5
76 silly currentTree │ │ │ │ │ │ ├─┬ has-ansi@2.0.0
76 silly currentTree │ │ │ │ │ │ │ └── ansi-regex@2.0.0
76 silly currentTree │ │ │ │ │ │ ├─┬ strip-ansi@3.0.1
76 silly currentTree │ │ │ │ │ │ │ └── ansi-regex@2.0.0
76 silly currentTree │ │ │ │ │ │ └── supports-color@2.0.0
76 silly currentTree │ │ │ │ │ ├─┬ commander@2.9.0
76 silly currentTree │ │ │ │ │ │ └── graceful-readlink@1.0.1
76 silly currentTree │ │ │ │ │ ├─┬ is-my-json-valid@2.15.0
76 silly currentTree │ │ │ │ │ │ ├── generate-function@2.0.0
76 silly currentTree │ │ │ │ │ │ ├─┬ generate-object-property@1.2.0
76 silly currentTree │ │ │ │ │ │ │ └── is-property@1.0.2
76 silly currentTree │ │ │ │ │ │ ├── jsonpointer@4.0.0
76 silly currentTree │ │ │ │ │ │ └── xtend@4.0.1
76 silly currentTree │ │ │ │ │ └─┬ pinkie-promise@2.0.1
76 silly currentTree │ │ │ │ │   └── pinkie@2.0.4
76 silly currentTree │ │ │ │ ├─┬ hawk@3.1.3
76 silly currentTree │ │ │ │ │ ├── boom@2.10.1
76 silly currentTree │ │ │ │ │ ├── cryptiles@2.0.5
76 silly currentTree │ │ │ │ │ ├── hoek@2.16.3
76 silly currentTree │ │ │ │ │ └── sntp@1.0.9
76 silly currentTree │ │ │ │ ├─┬ http-signature@0.11.0
76 silly currentTree │ │ │ │ │ ├── asn1@0.1.11
76 silly currentTree │ │ │ │ │ ├── assert-plus@0.1.5
76 silly currentTree │ │ │ │ │ └── ctype@0.5.3
76 silly currentTree │ │ │ │ ├── isstream@0.1.2
76 silly currentTree │ │ │ │ ├── json-stringify-safe@5.0.1
76 silly currentTree │ │ │ │ ├─┬ mime-types@2.1.12
76 silly currentTree │ │ │ │ │ └── mime-db@1.24.0
76 silly currentTree │ │ │ │ ├── node-uuid@1.4.7
76 silly currentTree │ │ │ │ ├── oauth-sign@0.8.2
76 silly currentTree │ │ │ │ ├── qs@5.2.1
76 silly currentTree │ │ │ │ ├── stringstream@0.0.5
76 silly currentTree │ │ │ │ ├── tough-cookie@2.2.2
76 silly currentTree │ │ │ │ └── tunnel-agent@0.4.3
76 silly currentTree │ │ │ └─┬ yargs@3.29.0
76 silly currentTree │ │ │   ├── camelcase@1.2.1
76 silly currentTree │ │ │   ├─┬ cliui@3.2.0
76 silly currentTree │ │ │   │ ├─┬ string-width@1.0.2
76 silly currentTree │ │ │   │ │ ├─┬ code-point-at@1.0.1
76 silly currentTree │ │ │   │ │ │ └── number-is-nan@1.0.1
76 silly currentTree │ │ │   │ │ └─┬ is-fullwidth-code-point@1.0.0
76 silly currentTree │ │ │   │ │   └── number-is-nan@1.0.1
76 silly currentTree │ │ │   │ ├─┬ strip-ansi@3.0.1
76 silly currentTree │ │ │   │ │ └── ansi-regex@2.0.0
76 silly currentTree │ │ │   │ └── wrap-ansi@2.0.0
76 silly currentTree │ │ │   ├── decamelize@1.2.0
76 silly currentTree │ │ │   ├─┬ os-locale@1.4.0
76 silly currentTree │ │ │   │ └─┬ lcid@1.0.0
76 silly currentTree │ │ │   │   └── invert-kv@1.0.0
76 silly currentTree │ │ │   ├── window-size@0.1.4
76 silly currentTree │ │ │   └── y18n@3.2.1
76 silly currentTree │ │ ├─┬ micromatch@2.3.11
76 silly currentTree │ │ │ ├─┬ arr-diff@2.0.0
76 silly currentTree │ │ │ │ └── arr-flatten@1.0.1
76 silly currentTree │ │ │ ├── array-unique@0.2.1
76 silly currentTree │ │ │ ├─┬ braces@1.8.5
76 silly currentTree │ │ │ │ ├─┬ expand-range@1.8.2
76 silly currentTree │ │ │ │ │ └─┬ fill-range@2.2.3
76 silly currentTree │ │ │ │ │   ├── is-number@2.1.0
76 silly currentTree │ │ │ │ │   ├─┬ isobject@2.1.0
76 silly currentTree │ │ │ │ │   │ └── isarray@1.0.0
76 silly currentTree │ │ │ │ │   ├── randomatic@1.1.5
76 silly currentTree │ │ │ │ │   └── repeat-string@1.6.1
76 silly currentTree │ │ │ │ ├── preserve@0.2.0
76 silly currentTree │ │ │ │ └── repeat-element@1.1.2
76 silly currentTree │ │ │ ├─┬ expand-brackets@0.1.5
76 silly currentTree │ │ │ │ └── is-posix-bracket@0.1.1
76 silly currentTree │ │ │ ├── extglob@0.3.2
76 silly currentTree │ │ │ ├── filename-regex@2.0.0
76 silly currentTree │ │ │ ├── is-extglob@1.0.0
76 silly currentTree │ │ │ ├── is-glob@2.0.1
76 silly currentTree │ │ │ ├─┬ kind-of@3.0.4
76 silly currentTree │ │ │ │ └── is-buffer@1.1.4
76 silly currentTree │ │ │ ├── normalize-path@2.0.1
76 silly currentTree │ │ │ ├─┬ object.omit@2.0.1
76 silly currentTree │ │ │ │ ├─┬ for-own@0.1.4
76 silly currentTree │ │ │ │ │ └── for-in@0.1.6
76 silly currentTree │ │ │ │ └── is-extendable@0.1.1
76 silly currentTree │ │ │ ├─┬ parse-glob@3.0.4
76 silly currentTree │ │ │ │ ├─┬ glob-base@0.3.0
76 silly currentTree │ │ │ │ │ └── glob-parent@2.0.0
76 silly currentTree │ │ │ │ └── is-dotfile@1.0.2
76 silly currentTree │ │ │ └─┬ regex-cache@0.4.3
76 silly currentTree │ │ │   ├── is-equal-shallow@0.1.3
76 silly currentTree │ │ │   └── is-primitive@2.0.0
76 silly currentTree │ │ ├─┬ opn@4.0.2
76 silly currentTree │ │ │ ├── object-assign@4.1.0
76 silly currentTree │ │ │ └─┬ pinkie-promise@2.0.1
76 silly currentTree │ │ │   └── pinkie@2.0.4
76 silly currentTree │ │ ├─┬ portscanner@1.0.0
76 silly currentTree │ │ │ └── async@0.1.15
76 silly currentTree │ │ ├── qs@6.2.1
76 silly currentTree │ │ ├─┬ resp-modifier@6.0.2
76 silly currentTree │ │ │ ├─┬ debug@2.2.0
76 silly currentTree │ │ │ │ └── ms@0.7.1
76 silly currentTree │ │ │ └─┬ minimatch@3.0.3
76 silly currentTree │ │ │   └─┬ brace-expansion@1.1.6
76 silly currentTree │ │ │     ├── balanced-match@0.4.2
76 silly currentTree │ │ │     └── concat-map@0.0.1
76 silly currentTree │ │ ├── rx@4.1.0
76 silly currentTree │ │ ├─┬ serve-index@1.8.0
76 silly currentTree │ │ │ ├─┬ accepts@1.3.3
76 silly currentTree │ │ │ │ └── negotiator@0.6.1
76 silly currentTree │ │ │ ├── batch@0.5.3
76 silly currentTree │ │ │ ├─┬ debug@2.2.0
76 silly currentTree │ │ │ │ └── ms@0.7.1
76 silly currentTree │ │ │ ├── escape-html@1.0.3
76 silly currentTree │ │ │ ├─┬ http-errors@1.5.0
76 silly currentTree │ │ │ │ ├── inherits@2.0.1
76 silly currentTree │ │ │ │ ├── setprototypeof@1.0.1
76 silly currentTree │ │ │ │ └── statuses@1.3.0
76 silly currentTree │ │ │ ├─┬ mime-types@2.1.12
76 silly currentTree │ │ │ │ └── mime-db@1.24.0
76 silly currentTree │ │ │ └── parseurl@1.3.1
76 silly currentTree │ │ ├─┬ serve-static@1.11.1
76 silly currentTree │ │ │ ├── encodeurl@1.0.1
76 silly currentTree │ │ │ ├── escape-html@1.0.3
76 silly currentTree │ │ │ ├── parseurl@1.3.1
76 silly currentTree │ │ │ └─┬ send@0.14.1
76 silly currentTree │ │ │   ├── debug@2.2.0
76 silly currentTree │ │ │   ├── depd@1.1.0
76 silly currentTree │ │ │   ├── destroy@1.0.4
76 silly currentTree │ │ │   ├── etag@1.7.0
76 silly currentTree │ │ │   ├── fresh@0.3.0
76 silly currentTree │ │ │   ├─┬ http-errors@1.5.0
76 silly currentTree │ │ │   │ ├── inherits@2.0.1
76 silly currentTree │ │ │   │ └── setprototypeof@1.0.1
76 silly currentTree │ │ │   ├── mime@1.3.4
76 silly currentTree │ │ │   ├── ms@0.7.1
76 silly currentTree │ │ │   ├─┬ on-finished@2.3.0
76 silly currentTree │ │ │   │ └── ee-first@1.1.1
76 silly currentTree │ │ │   ├── range-parser@1.2.0
76 silly currentTree │ │ │   └── statuses@1.3.0
76 silly currentTree │ │ ├── server-destroy@1.0.1
76 silly currentTree │ │ ├─┬ socket.io@1.5.0
76 silly currentTree │ │ │ ├─┬ debug@2.2.0
76 silly currentTree │ │ │ │ └── ms@0.7.1
76 silly currentTree │ │ │ ├─┬ engine.io@1.7.0
76 silly currentTree │ │ │ │ ├─┬ accepts@1.3.3
76 silly currentTree │ │ │ │ │ ├─┬ mime-types@2.1.12
76 silly currentTree │ │ │ │ │ │ └── mime-db@1.24.0
76 silly currentTree │ │ │ │ │ └── negotiator@0.6.1
76 silly currentTree │ │ │ │ ├── base64id@0.1.0
76 silly currentTree │ │ │ │ ├─┬ engine.io-parser@1.3.0
76 silly currentTree │ │ │ │ │ ├── after@0.8.1
76 silly currentTree │ │ │ │ │ ├── arraybuffer.slice@0.0.6
76 silly currentTree │ │ │ │ │ ├── base64-arraybuffer@0.1.5
76 silly currentTree │ │ │ │ │ ├── blob@0.0.4
76 silly currentTree │ │ │ │ │ ├─┬ has-binary@0.1.6
76 silly currentTree │ │ │ │ │ │ └── isarray@0.0.1
76 silly currentTree │ │ │ │ │ └── wtf-8@1.0.0
76 silly currentTree │ │ │ │ └─┬ ws@1.1.1
76 silly currentTree │ │ │ │   ├── options@0.0.6
76 silly currentTree │ │ │ │   └── ultron@1.0.2
76 silly currentTree │ │ │ ├─┬ has-binary@0.1.7
76 silly currentTree │ │ │ │ └── isarray@0.0.1
76 silly currentTree │ │ │ ├─┬ socket.io-adapter@0.4.0
76 silly currentTree │ │ │ │ └─┬ socket.io-parser@2.2.2
76 silly currentTree │ │ │ │   ├── benchmark@1.0.0
76 silly currentTree │ │ │ │   ├── component-emitter@1.1.2
76 silly currentTree │ │ │ │   ├── debug@0.7.4
76 silly currentTree │ │ │ │   ├── isarray@0.0.1
76 silly currentTree │ │ │ │   └── json3@3.2.6
76 silly currentTree │ │ │ ├─┬ socket.io-client@1.5.0
76 silly currentTree │ │ │ │ ├── backo2@1.0.2
76 silly currentTree │ │ │ │ ├── component-bind@1.0.0
76 silly currentTree │ │ │ │ ├── component-emitter@1.2.0
76 silly currentTree │ │ │ │ ├─┬ engine.io-client@1.7.0
76 silly currentTree │ │ │ │ │ ├── component-emitter@1.1.2
76 silly currentTree │ │ │ │ │ ├── component-inherit@0.0.3
76 silly currentTree │ │ │ │ │ ├─┬ engine.io-parser@1.3.0
76 silly currentTree │ │ │ │ │ │ ├── after@0.8.1
76 silly currentTree │ │ │ │ │ │ ├── arraybuffer.slice@0.0.6
76 silly currentTree │ │ │ │ │ │ ├── base64-arraybuffer@0.1.5
76 silly currentTree │ │ │ │ │ │ ├── blob@0.0.4
76 silly currentTree │ │ │ │ │ │ ├─┬ has-binary@0.1.6
76 silly currentTree │ │ │ │ │ │ │ └── isarray@0.0.1
76 silly currentTree │ │ │ │ │ │ └── wtf-8@1.0.0
76 silly currentTree │ │ │ │ │ ├── has-cors@1.1.0
76 silly currentTree │ │ │ │ │ ├─┬ parsejson@0.0.1
76 silly currentTree │ │ │ │ │ │ └─┬ better-assert@1.0.2
76 silly currentTree │ │ │ │ │ │   └── callsite@1.0.0
76 silly currentTree │ │ │ │ │ ├─┬ parseqs@0.0.2
76 silly currentTree │ │ │ │ │ │ └─┬ better-assert@1.0.2
76 silly currentTree │ │ │ │ │ │   └── callsite@1.0.0
76 silly currentTree │ │ │ │ │ ├─┬ ws@1.1.1
76 silly currentTree │ │ │ │ │ │ ├── options@0.0.6
76 silly currentTree │ │ │ │ │ │ └── ultron@1.0.2
76 silly currentTree │ │ │ │ │ ├── xmlhttprequest-ssl@1.5.1
76 silly currentTree │ │ │ │ │ └── yeast@0.1.2
76 silly currentTree │ │ │ │ ├── indexof@0.0.1
76 silly currentTree │ │ │ │ ├── object-component@0.0.3
76 silly currentTree │ │ │ │ ├─┬ parseuri@0.0.4
76 silly currentTree │ │ │ │ │ └─┬ better-assert@1.0.2
76 silly currentTree │ │ │ │ │   └── callsite@1.0.0
76 silly currentTree │ │ │ │ └── to-array@0.1.4
76 silly currentTree │ │ │ └─┬ socket.io-parser@2.2.6
76 silly currentTree │ │ │   ├── benchmark@1.0.0
76 silly currentTree │ │ │   ├── component-emitter@1.1.2
76 silly currentTree │ │ │   ├── isarray@0.0.1
76 silly currentTree │ │ │   └── json3@3.3.2
76 silly currentTree │ │ ├── ua-parser-js@0.7.10
76 silly currentTree │ │ └─┬ yargs@6.0.0
76 silly currentTree │ │   ├─┬ cliui@3.2.0
76 silly currentTree │ │   │ ├─┬ strip-ansi@3.0.1
76 silly currentTree │ │   │ │ └── ansi-regex@2.0.0
76 silly currentTree │ │   │ └── wrap-ansi@2.0.0
76 silly currentTree │ │   ├── decamelize@1.2.0
76 silly currentTree │ │   ├── get-caller-file@1.0.2
76 silly currentTree │ │   ├─┬ os-locale@1.4.0
76 silly currentTree │ │   │ └─┬ lcid@1.0.0
76 silly currentTree │ │   │   └── invert-kv@1.0.0
76 silly currentTree │ │   ├─┬ read-pkg-up@1.0.1
76 silly currentTree │ │   │ ├─┬ find-up@1.1.2
76 silly currentTree │ │   │ │ ├── path-exists@2.1.0
76 silly currentTree │ │   │ │ └─┬ pinkie-promise@2.0.1
76 silly currentTree │ │   │ │   └── pinkie@2.0.4
76 silly currentTree │ │   │ └─┬ read-pkg@1.1.0
76 silly currentTree │ │   │   ├─┬ load-json-file@1.1.0
76 silly currentTree │ │   │   │ ├── graceful-fs@4.1.9
76 silly currentTree │ │   │   │ ├─┬ parse-json@2.2.0
76 silly currentTree │ │   │   │ │ └─┬ error-ex@1.3.0
76 silly currentTree │ │   │   │ │   └── is-arrayish@0.2.1
76 silly currentTree │ │   │   │ ├── pify@2.3.0
76 silly currentTree │ │   │   │ ├─┬ pinkie-promise@2.0.1
76 silly currentTree │ │   │   │ │ └── pinkie@2.0.4
76 silly currentTree │ │   │   │ └─┬ strip-bom@2.0.0
76 silly currentTree │ │   │   │   └── is-utf8@0.2.1
76 silly currentTree │ │   │   ├─┬ normalize-package-data@2.3.5
76 silly currentTree │ │   │   │ ├── hosted-git-info@2.1.5
76 silly currentTree │ │   │   │ ├─┬ is-builtin-module@1.0.0
76 silly currentTree │ │   │   │ │ └── builtin-modules@1.1.1
76 silly currentTree │ │   │   │ ├── semver@5.3.0
76 silly currentTree │ │   │   │ └─┬ validate-npm-package-license@3.0.1
76 silly currentTree │ │   │   │   ├─┬ spdx-correct@1.0.2
76 silly currentTree │ │   │   │   │ └── spdx-license-ids@1.2.2
76 silly currentTree │ │   │   │   └── spdx-expression-parse@1.0.4
76 silly currentTree │ │   │   └─┬ path-type@1.1.0
76 silly currentTree │ │   │     ├── graceful-fs@4.1.9
76 silly currentTree │ │   │     ├── pify@2.3.0
76 silly currentTree │ │   │     └─┬ pinkie-promise@2.0.1
76 silly currentTree │ │   │       └── pinkie@2.0.4
76 silly currentTree │ │   ├── require-directory@2.1.1
76 silly currentTree │ │   ├── require-main-filename@1.0.1
76 silly currentTree │ │   ├── set-blocking@2.0.0
76 silly currentTree │ │   ├─┬ string-width@1.0.2
76 silly currentTree │ │   │ ├─┬ code-point-at@1.0.1
76 silly currentTree │ │   │ │ └── number-is-nan@1.0.1
76 silly currentTree │ │   │ ├─┬ is-fullwidth-code-point@1.0.0
76 silly currentTree │ │   │ │ └── number-is-nan@1.0.1
76 silly currentTree │ │   │ └─┬ strip-ansi@3.0.1
76 silly currentTree │ │   │   └── ansi-regex@2.0.0
76 silly currentTree │ │   ├── which-module@1.0.0
76 silly currentTree │ │   ├── window-size@0.2.0
76 silly currentTree │ │   ├── y18n@3.2.1
76 silly currentTree │ │   └─┬ yargs-parser@4.0.2
76 silly currentTree │ │     └── camelcase@3.0.0
76 silly currentTree │ ├── connect-history-api-fallback@1.3.0
76 silly currentTree │ ├─┬ connect-logger@0.0.1
76 silly currentTree │ │ └── moment@2.15.2
76 silly currentTree │ ├── lodash@4.16.4
76 silly currentTree │ └── minimist@1.2.0
76 silly currentTree ├── reflect-metadata@0.1.8
76 silly currentTree ├─┬ rxjs@5.0.0-beta.12
76 silly currentTree │ └── symbol-observable@1.0.4
76 silly currentTree ├─┬ systemjs@0.19.39
76 silly currentTree │ └── when@3.7.7
76 silly currentTree ├── typescript@2.0.6
76 silly currentTree └── zone.js@0.6.26
77 silly idealTree fpt-chatbot-frontend@1.0.0
77 silly idealTree ├── @angular/common@2.1.1
77 silly idealTree ├── @angular/compiler@2.1.1
77 silly idealTree ├── @angular/core@2.1.1
77 silly idealTree ├── @angular/forms@2.1.1
77 silly idealTree ├── @angular/http@2.1.1
77 silly idealTree ├── @angular/material@2.0.0-alpha.9-3
77 silly idealTree ├── @angular/platform-browser-dynamic@2.1.1
77 silly idealTree ├── @angular/platform-browser@2.1.1
77 silly idealTree ├── @angular/router@3.1.1
77 silly idealTree ├── @angular/upgrade@2.1.1
77 silly idealTree ├── @types/core-js@0.9.34
77 silly idealTree ├── @types/hammerjs@2.0.33
77 silly idealTree ├── @types/node@6.0.46
77 silly idealTree ├── angular-in-memory-web-api@0.1.13
77 silly idealTree ├── angular2-localstorage@0.4.0
77 silly idealTree ├── bootstrap@3.3.7
77 silly idealTree ├─┬ concurrently@3.1.0
77 silly idealTree │ ├── bluebird@2.9.6
77 silly idealTree │ ├─┬ chalk@0.5.1
77 silly idealTree │ │ ├── ansi-styles@1.1.0
77 silly idealTree │ │ ├── escape-string-regexp@1.0.5
77 silly idealTree │ │ ├─┬ has-ansi@0.1.0
77 silly idealTree │ │ │ └── ansi-regex@0.2.1
77 silly idealTree │ │ ├─┬ strip-ansi@0.3.0
77 silly idealTree │ │ │ └── ansi-regex@0.2.1
77 silly idealTree │ │ └── supports-color@0.2.0
77 silly idealTree │ ├── commander@2.6.0
77 silly idealTree │ ├── lodash@4.16.4
77 silly idealTree │ ├── moment@2.15.2
77 silly idealTree │ ├── rx@2.3.24
77 silly idealTree │ ├── spawn-default-shell@1.1.0
77 silly idealTree │ └── tree-kill@1.1.0
77 silly idealTree ├── core-js@2.4.1
77 silly idealTree ├─┬ lite-server@2.2.2
77 silly idealTree │ ├─┬ browser-sync@2.17.5
77 silly idealTree │ │ ├─┬ browser-sync-client@2.4.3
77 silly idealTree │ │ │ ├── etag@1.7.0
77 silly idealTree │ │ │ └── fresh@0.3.0
77 silly idealTree │ │ ├─┬ browser-sync-ui@0.6.1
77 silly idealTree │ │ │ ├── async-each-series@0.1.1
77 silly idealTree │ │ │ ├─┬ stream-throttle@0.1.3
77 silly idealTree │ │ │ │ ├─┬ commander@2.9.0
77 silly idealTree │ │ │ │ │ └── graceful-readlink@1.0.1
77 silly idealTree │ │ │ │ └── limiter@1.1.0
77 silly idealTree │ │ │ └─┬ weinre@2.0.0-pre-I0Z7U9OV
77 silly idealTree │ │ │   ├─┬ express@2.5.11
77 silly idealTree │ │ │   │ ├─┬ connect@1.9.2
77 silly idealTree │ │ │   │ │ └── formidable@1.0.17
77 silly idealTree │ │ │   │ ├── mime@1.2.4
77 silly idealTree │ │ │   │ ├── mkdirp@0.3.0
77 silly idealTree │ │ │   │ └── qs@0.4.2
77 silly idealTree │ │ │   ├─┬ nopt@3.0.6
77 silly idealTree │ │ │   │ └── abbrev@1.0.9
77 silly idealTree │ │ │   └── underscore@1.7.0
77 silly idealTree │ │ ├── bs-recipes@1.2.3
77 silly idealTree │ │ ├─┬ chokidar@1.6.0
77 silly idealTree │ │ │ ├─┬ anymatch@1.3.0
77 silly idealTree │ │ │ │ └── arrify@1.0.1
77 silly idealTree │ │ │ ├── async-each@1.0.1
77 silly idealTree │ │ │ ├─┬ fsevents@1.0.14
77 silly idealTree │ │ │ │ ├── abbrev@1.0.9
77 silly idealTree │ │ │ │ ├── ansi-regex@2.0.0
77 silly idealTree │ │ │ │ ├── ansi-styles@2.2.1
77 silly idealTree │ │ │ │ ├── aproba@1.0.4
77 silly idealTree │ │ │ │ ├── are-we-there-yet@1.1.2
77 silly idealTree │ │ │ │ ├── asn1@0.2.3
77 silly idealTree │ │ │ │ ├── assert-plus@0.2.0
77 silly idealTree │ │ │ │ ├── async@1.5.2
77 silly idealTree │ │ │ │ ├── aws-sign2@0.6.0
77 silly idealTree │ │ │ │ ├── aws4@1.4.1
77 silly idealTree │ │ │ │ ├── balanced-match@0.4.2
77 silly idealTree │ │ │ │ ├─┬ bl@1.1.2
77 silly idealTree │ │ │ │ │ └── readable-stream@2.0.6
77 silly idealTree │ │ │ │ ├── block-stream@0.0.9
77 silly idealTree │ │ │ │ ├── boom@2.10.1
77 silly idealTree │ │ │ │ ├── brace-expansion@1.1.5
77 silly idealTree │ │ │ │ ├── buffer-shims@1.0.0
77 silly idealTree │ │ │ │ ├── caseless@0.11.0
77 silly idealTree │ │ │ │ ├── chalk@1.1.3
77 silly idealTree │ │ │ │ ├── code-point-at@1.0.0
77 silly idealTree │ │ │ │ ├── combined-stream@1.0.5
77 silly idealTree │ │ │ │ ├── commander@2.9.0
77 silly idealTree │ │ │ │ ├── concat-map@0.0.1
77 silly idealTree │ │ │ │ ├── console-control-strings@1.1.0
77 silly idealTree │ │ │ │ ├── core-util-is@1.0.2
77 silly idealTree │ │ │ │ ├── cryptiles@2.0.5
77 silly idealTree │ │ │ │ ├─┬ dashdash@1.14.0
77 silly idealTree │ │ │ │ │ └── assert-plus@1.0.0
77 silly idealTree │ │ │ │ ├── debug@2.2.0
77 silly idealTree │ │ │ │ ├── deep-extend@0.4.1
77 silly idealTree │ │ │ │ ├── delayed-stream@1.0.0
77 silly idealTree │ │ │ │ ├── delegates@1.0.0
77 silly idealTree │ │ │ │ ├── ecc-jsbn@0.1.1
77 silly idealTree │ │ │ │ ├── escape-string-regexp@1.0.5
77 silly idealTree │ │ │ │ ├── extend@3.0.0
77 silly idealTree │ │ │ │ ├── extsprintf@1.0.2
77 silly idealTree │ │ │ │ ├── forever-agent@0.6.1
77 silly idealTree │ │ │ │ ├── form-data@1.0.0-rc4
77 silly idealTree │ │ │ │ ├── fs.realpath@1.0.0
77 silly idealTree │ │ │ │ ├── fstream-ignore@1.0.5
77 silly idealTree │ │ │ │ ├── fstream@1.0.10
77 silly idealTree │ │ │ │ ├── gauge@2.6.0
77 silly idealTree │ │ │ │ ├── generate-function@2.0.0
77 silly idealTree │ │ │ │ ├── generate-object-property@1.2.0
77 silly idealTree │ │ │ │ ├─┬ getpass@0.1.6
77 silly idealTree │ │ │ │ │ └── assert-plus@1.0.0
77 silly idealTree │ │ │ │ ├── glob@7.0.5
77 silly idealTree │ │ │ │ ├── graceful-fs@4.1.4
77 silly idealTree │ │ │ │ ├── graceful-readlink@1.0.1
77 silly idealTree │ │ │ │ ├── har-validator@2.0.6
77 silly idealTree │ │ │ │ ├── has-ansi@2.0.0
77 silly idealTree │ │ │ │ ├── has-color@0.1.7
77 silly idealTree │ │ │ │ ├── has-unicode@2.0.1
77 silly idealTree │ │ │ │ ├── hawk@3.1.3
77 silly idealTree │ │ │ │ ├── hoek@2.16.3
77 silly idealTree │ │ │ │ ├── http-signature@1.1.1
77 silly idealTree │ │ │ │ ├── inflight@1.0.5
77 silly idealTree │ │ │ │ ├── inherits@2.0.1
77 silly idealTree │ │ │ │ ├── ini@1.3.4
77 silly idealTree │ │ │ │ ├── is-fullwidth-code-point@1.0.0
77 silly idealTree │ │ │ │ ├── is-my-json-valid@2.13.1
77 silly idealTree │ │ │ │ ├── is-property@1.0.2
77 silly idealTree │ │ │ │ ├── is-typedarray@1.0.0
77 silly idealTree │ │ │ │ ├── isarray@1.0.0
77 silly idealTree │ │ │ │ ├── isstream@0.1.2
77 silly idealTree │ │ │ │ ├── jodid25519@1.0.2
77 silly idealTree │ │ │ │ ├── jsbn@0.1.0
77 silly idealTree │ │ │ │ ├── json-schema@0.2.2
77 silly idealTree │ │ │ │ ├── json-stringify-safe@5.0.1
77 silly idealTree │ │ │ │ ├── jsonpointer@2.0.0
77 silly idealTree │ │ │ │ ├── jsprim@1.3.0
77 silly idealTree │ │ │ │ ├── mime-db@1.23.0
77 silly idealTree │ │ │ │ ├── mime-types@2.1.11
77 silly idealTree │ │ │ │ ├── minimatch@3.0.2
77 silly idealTree │ │ │ │ ├── minimist@0.0.8
77 silly idealTree │ │ │ │ ├── mkdirp@0.5.1
77 silly idealTree │ │ │ │ ├── ms@0.7.1
77 silly idealTree │ │ │ │ ├── nan@2.4.0
77 silly idealTree │ │ │ │ ├── node-pre-gyp@0.6.29
77 silly idealTree │ │ │ │ ├── node-uuid@1.4.7
77 silly idealTree │ │ │ │ ├── nopt@3.0.6
77 silly idealTree │ │ │ │ ├── npmlog@3.1.2
77 silly idealTree │ │ │ │ ├── number-is-nan@1.0.0
77 silly idealTree │ │ │ │ ├── oauth-sign@0.8.2
77 silly idealTree │ │ │ │ ├── object-assign@4.1.0
77 silly idealTree │ │ │ │ ├── once@1.3.3
77 silly idealTree │ │ │ │ ├── path-is-absolute@1.0.0
77 silly idealTree │ │ │ │ ├── pinkie-promise@2.0.1
77 silly idealTree │ │ │ │ ├── pinkie@2.0.4
77 silly idealTree │ │ │ │ ├── process-nextick-args@1.0.7
77 silly idealTree │ │ │ │ ├── qs@6.2.0
77 silly idealTree │ │ │ │ ├─┬ rc@1.1.6
77 silly idealTree │ │ │ │ │ └── minimist@1.2.0
77 silly idealTree │ │ │ │ ├── readable-stream@2.1.4
77 silly idealTree │ │ │ │ ├── request@2.73.0
77 silly idealTree │ │ │ │ ├── rimraf@2.5.3
77 silly idealTree │ │ │ │ ├── semver@5.2.0
77 silly idealTree │ │ │ │ ├── set-blocking@2.0.0
77 silly idealTree │ │ │ │ ├── signal-exit@3.0.0
77 silly idealTree │ │ │ │ ├── sntp@1.0.9
77 silly idealTree │ │ │ │ ├─┬ sshpk@1.8.3
77 silly idealTree │ │ │ │ │ └── assert-plus@1.0.0
77 silly idealTree │ │ │ │ ├── string_decoder@0.10.31
77 silly idealTree │ │ │ │ ├── string-width@1.0.1
77 silly idealTree │ │ │ │ ├── stringstream@0.0.5
77 silly idealTree │ │ │ │ ├── strip-ansi@3.0.1
77 silly idealTree │ │ │ │ ├── strip-json-comments@1.0.4
77 silly idealTree │ │ │ │ ├── supports-color@2.0.0
77 silly idealTree │ │ │ │ ├── tar-pack@3.1.4
77 silly idealTree │ │ │ │ ├── tar@2.2.1
77 silly idealTree │ │ │ │ ├── tough-cookie@2.2.2
77 silly idealTree │ │ │ │ ├── tunnel-agent@0.4.3
77 silly idealTree │ │ │ │ ├── tweetnacl@0.13.3
77 silly idealTree │ │ │ │ ├── uid-number@0.0.6
77 silly idealTree │ │ │ │ ├── util-deprecate@1.0.2
77 silly idealTree │ │ │ │ ├── verror@1.3.6
77 silly idealTree │ │ │ │ ├── wide-align@1.1.0
77 silly idealTree │ │ │ │ ├── wrappy@1.0.2
77 silly idealTree │ │ │ │ └── xtend@4.0.1
77 silly idealTree │ │ │ ├── glob-parent@2.0.0
77 silly idealTree │ │ │ ├── inherits@2.0.3
77 silly idealTree │ │ │ ├─┬ is-binary-path@1.0.1
77 silly idealTree │ │ │ │ └── binary-extensions@1.7.0
77 silly idealTree │ │ │ ├─┬ is-glob@2.0.1
77 silly idealTree │ │ │ │ └── is-extglob@1.0.0
77 silly idealTree │ │ │ ├── path-is-absolute@1.0.1
77 silly idealTree │ │ │ └─┬ readdirp@2.1.0
77 silly idealTree │ │ │   ├── graceful-fs@4.1.9
77 silly idealTree │ │ │   ├─┬ minimatch@3.0.3
77 silly idealTree │ │ │   │ └─┬ brace-expansion@1.1.6
77 silly idealTree │ │ │   │   ├── balanced-match@0.4.2
77 silly idealTree │ │ │   │   └── concat-map@0.0.1
77 silly idealTree │ │ │   ├─┬ readable-stream@2.1.5
77 silly idealTree │ │ │   │ ├── buffer-shims@1.0.0
77 silly idealTree │ │ │   │ ├── core-util-is@1.0.2
77 silly idealTree │ │ │   │ ├── isarray@1.0.0
77 silly idealTree │ │ │   │ ├── process-nextick-args@1.0.7
77 silly idealTree │ │ │   │ ├── string_decoder@0.10.31
77 silly idealTree │ │ │   │ └── util-deprecate@1.0.2
77 silly idealTree │ │ │   └── set-immediate-shim@1.0.1
77 silly idealTree │ │ ├─┬ connect@3.5.0
77 silly idealTree │ │ │ ├─┬ debug@2.2.0
77 silly idealTree │ │ │ │ └── ms@0.7.1
77 silly idealTree │ │ │ ├─┬ finalhandler@0.5.0
77 silly idealTree │ │ │ │ ├── escape-html@1.0.3
77 silly idealTree │ │ │ │ ├─┬ on-finished@2.3.0
77 silly idealTree │ │ │ │ │ └── ee-first@1.1.1
77 silly idealTree │ │ │ │ ├── statuses@1.3.0
77 silly idealTree │ │ │ │ └── unpipe@1.0.0
77 silly idealTree │ │ │ ├── parseurl@1.3.1
77 silly idealTree │ │ │ └── utils-merge@1.0.0
77 silly idealTree │ │ ├── dev-ip@1.0.1
77 silly idealTree │ │ ├─┬ easy-extender@2.3.2
77 silly idealTree │ │ │ └── lodash@3.10.1
77 silly idealTree │ │ ├─┬ eazy-logger@3.0.2
77 silly idealTree │ │ │ └─┬ tfunk@3.0.2
77 silly idealTree │ │ │   ├─┬ chalk@1.1.3
77 silly idealTree │ │ │   │ ├── ansi-styles@2.2.1
77 silly idealTree │ │ │   │ ├── escape-string-regexp@1.0.5
77 silly idealTree │ │ │   │ ├─┬ has-ansi@2.0.0
77 silly idealTree │ │ │   │ │ └── ansi-regex@2.0.0
77 silly idealTree │ │ │   │ ├─┬ strip-ansi@3.0.1
77 silly idealTree │ │ │   │ │ └── ansi-regex@2.0.0
77 silly idealTree │ │ │   │ └── supports-color@2.0.0
77 silly idealTree │ │ │   └── object-path@0.9.2
77 silly idealTree │ │ ├── emitter-steward@1.0.0
77 silly idealTree │ │ ├─┬ fs-extra@0.30.0
77 silly idealTree │ │ │ ├── graceful-fs@4.1.9
77 silly idealTree │ │ │ ├── jsonfile@2.4.0
77 silly idealTree │ │ │ ├── klaw@1.3.1
77 silly idealTree │ │ │ ├── path-is-absolute@1.0.1
77 silly idealTree │ │ │ └─┬ rimraf@2.5.4
77 silly idealTree │ │ │   └─┬ glob@7.1.1
77 silly idealTree │ │ │     ├── fs.realpath@1.0.0
77 silly idealTree │ │ │     ├─┬ inflight@1.0.6
77 silly idealTree │ │ │     │ └── wrappy@1.0.2
77 silly idealTree │ │ │     ├── inherits@2.0.3
77 silly idealTree │ │ │     ├─┬ minimatch@3.0.3
77 silly idealTree │ │ │     │ └─┬ brace-expansion@1.1.6
77 silly idealTree │ │ │     │   ├── balanced-match@0.4.2
77 silly idealTree │ │ │     │   └── concat-map@0.0.1
77 silly idealTree │ │ │     └─┬ once@1.4.0
77 silly idealTree │ │ │       └── wrappy@1.0.2
77 silly idealTree │ │ ├─┬ http-proxy@1.15.1
77 silly idealTree │ │ │ ├── eventemitter3@1.2.0
77 silly idealTree │ │ │ └── requires-port@1.0.0
77 silly idealTree │ │ ├── immutable@3.8.1
77 silly idealTree │ │ ├─┬ localtunnel@1.8.1
77 silly idealTree │ │ │ ├─┬ debug@2.2.0
77 silly idealTree │ │ │ │ └── ms@0.7.1
77 silly idealTree │ │ │ ├── openurl@1.1.0
77 silly idealTree │ │ │ ├─┬ request@2.65.0
77 silly idealTree │ │ │ │ ├── aws-sign2@0.6.0
77 silly idealTree │ │ │ │ ├─┬ bl@1.0.3
77 silly idealTree │ │ │ │ │ └─┬ readable-stream@2.0.6
77 silly idealTree │ │ │ │ │   ├── core-util-is@1.0.2
77 silly idealTree │ │ │ │ │   ├── inherits@2.0.3
77 silly idealTree │ │ │ │ │   ├── isarray@1.0.0
77 silly idealTree │ │ │ │ │   ├── process-nextick-args@1.0.7
77 silly idealTree │ │ │ │ │   ├── string_decoder@0.10.31
77 silly idealTree │ │ │ │ │   └── util-deprecate@1.0.2
77 silly idealTree │ │ │ │ ├── caseless@0.11.0
77 silly idealTree │ │ │ │ ├─┬ combined-stream@1.0.5
77 silly idealTree │ │ │ │ │ └── delayed-stream@1.0.0
77 silly idealTree │ │ │ │ ├── extend@3.0.0
77 silly idealTree │ │ │ │ ├── forever-agent@0.6.1
77 silly idealTree │ │ │ │ ├─┬ form-data@1.0.1
77 silly idealTree │ │ │ │ │ └── async@2.1.2
77 silly idealTree │ │ │ │ ├─┬ har-validator@2.0.6
77 silly idealTree │ │ │ │ │ ├─┬ chalk@1.1.3
77 silly idealTree │ │ │ │ │ │ ├── ansi-styles@2.2.1
77 silly idealTree │ │ │ │ │ │ ├── escape-string-regexp@1.0.5
77 silly idealTree │ │ │ │ │ │ ├─┬ has-ansi@2.0.0
77 silly idealTree │ │ │ │ │ │ │ └── ansi-regex@2.0.0
77 silly idealTree │ │ │ │ │ │ ├─┬ strip-ansi@3.0.1
77 silly idealTree │ │ │ │ │ │ │ └── ansi-regex@2.0.0
77 silly idealTree │ │ │ │ │ │ └── supports-color@2.0.0
77 silly idealTree │ │ │ │ │ ├─┬ commander@2.9.0
77 silly idealTree │ │ │ │ │ │ └── graceful-readlink@1.0.1
77 silly idealTree │ │ │ │ │ ├─┬ is-my-json-valid@2.15.0
77 silly idealTree │ │ │ │ │ │ ├── generate-function@2.0.0
77 silly idealTree │ │ │ │ │ │ ├─┬ generate-object-property@1.2.0
77 silly idealTree │ │ │ │ │ │ │ └── is-property@1.0.2
77 silly idealTree │ │ │ │ │ │ ├── jsonpointer@4.0.0
77 silly idealTree │ │ │ │ │ │ └── xtend@4.0.1
77 silly idealTree │ │ │ │ │ └─┬ pinkie-promise@2.0.1
77 silly idealTree │ │ │ │ │   └── pinkie@2.0.4
77 silly idealTree │ │ │ │ ├─┬ hawk@3.1.3
77 silly idealTree │ │ │ │ │ ├── boom@2.10.1
77 silly idealTree │ │ │ │ │ ├── cryptiles@2.0.5
77 silly idealTree │ │ │ │ │ ├── hoek@2.16.3
77 silly idealTree │ │ │ │ │ └── sntp@1.0.9
77 silly idealTree │ │ │ │ ├─┬ http-signature@0.11.0
77 silly idealTree │ │ │ │ │ ├── asn1@0.1.11
77 silly idealTree │ │ │ │ │ ├── assert-plus@0.1.5
77 silly idealTree │ │ │ │ │ └── ctype@0.5.3
77 silly idealTree │ │ │ │ ├── isstream@0.1.2
77 silly idealTree │ │ │ │ ├── json-stringify-safe@5.0.1
77 silly idealTree │ │ │ │ ├─┬ mime-types@2.1.12
77 silly idealTree │ │ │ │ │ └── mime-db@1.24.0
77 silly idealTree │ │ │ │ ├── node-uuid@1.4.7
77 silly idealTree │ │ │ │ ├── oauth-sign@0.8.2
77 silly idealTree │ │ │ │ ├── qs@5.2.1
77 silly idealTree │ │ │ │ ├── stringstream@0.0.5
77 silly idealTree │ │ │ │ ├── tough-cookie@2.2.2
77 silly idealTree │ │ │ │ └── tunnel-agent@0.4.3
77 silly idealTree │ │ │ └─┬ yargs@3.29.0
77 silly idealTree │ │ │   ├── camelcase@1.2.1
77 silly idealTree │ │ │   ├─┬ cliui@3.2.0
77 silly idealTree │ │ │   │ ├─┬ string-width@1.0.2
77 silly idealTree │ │ │   │ │ ├─┬ code-point-at@1.0.1
77 silly idealTree │ │ │   │ │ │ └── number-is-nan@1.0.1
77 silly idealTree │ │ │   │ │ └─┬ is-fullwidth-code-point@1.0.0
77 silly idealTree │ │ │   │ │   └── number-is-nan@1.0.1
77 silly idealTree │ │ │   │ ├─┬ strip-ansi@3.0.1
77 silly idealTree │ │ │   │ │ └── ansi-regex@2.0.0
77 silly idealTree │ │ │   │ └── wrap-ansi@2.0.0
77 silly idealTree │ │ │   ├── decamelize@1.2.0
77 silly idealTree │ │ │   ├─┬ os-locale@1.4.0
77 silly idealTree │ │ │   │ └─┬ lcid@1.0.0
77 silly idealTree │ │ │   │   └── invert-kv@1.0.0
77 silly idealTree │ │ │   ├── window-size@0.1.4
77 silly idealTree │ │ │   └── y18n@3.2.1
77 silly idealTree │ │ ├─┬ micromatch@2.3.11
77 silly idealTree │ │ │ ├─┬ arr-diff@2.0.0
77 silly idealTree │ │ │ │ └── arr-flatten@1.0.1
77 silly idealTree │ │ │ ├── array-unique@0.2.1
77 silly idealTree │ │ │ ├─┬ braces@1.8.5
77 silly idealTree │ │ │ │ ├─┬ expand-range@1.8.2
77 silly idealTree │ │ │ │ │ └─┬ fill-range@2.2.3
77 silly idealTree │ │ │ │ │   ├── is-number@2.1.0
77 silly idealTree │ │ │ │ │   ├─┬ isobject@2.1.0
77 silly idealTree │ │ │ │ │   │ └── isarray@1.0.0
77 silly idealTree │ │ │ │ │   ├── randomatic@1.1.5
77 silly idealTree │ │ │ │ │   └── repeat-string@1.6.1
77 silly idealTree │ │ │ │ ├── preserve@0.2.0
77 silly idealTree │ │ │ │ └── repeat-element@1.1.2
77 silly idealTree │ │ │ ├─┬ expand-brackets@0.1.5
77 silly idealTree │ │ │ │ └── is-posix-bracket@0.1.1
77 silly idealTree │ │ │ ├── extglob@0.3.2
77 silly idealTree │ │ │ ├── filename-regex@2.0.0
77 silly idealTree │ │ │ ├── is-extglob@1.0.0
77 silly idealTree │ │ │ ├── is-glob@2.0.1
77 silly idealTree │ │ │ ├─┬ kind-of@3.0.4
77 silly idealTree │ │ │ │ └── is-buffer@1.1.4
77 silly idealTree │ │ │ ├── normalize-path@2.0.1
77 silly idealTree │ │ │ ├─┬ object.omit@2.0.1
77 silly idealTree │ │ │ │ ├─┬ for-own@0.1.4
77 silly idealTree │ │ │ │ │ └── for-in@0.1.6
77 silly idealTree │ │ │ │ └── is-extendable@0.1.1
77 silly idealTree │ │ │ ├─┬ parse-glob@3.0.4
77 silly idealTree │ │ │ │ ├─┬ glob-base@0.3.0
77 silly idealTree │ │ │ │ │ └── glob-parent@2.0.0
77 silly idealTree │ │ │ │ └── is-dotfile@1.0.2
77 silly idealTree │ │ │ └─┬ regex-cache@0.4.3
77 silly idealTree │ │ │   ├── is-equal-shallow@0.1.3
77 silly idealTree │ │ │   └── is-primitive@2.0.0
77 silly idealTree │ │ ├─┬ opn@4.0.2
77 silly idealTree │ │ │ ├── object-assign@4.1.0
77 silly idealTree │ │ │ └─┬ pinkie-promise@2.0.1
77 silly idealTree │ │ │   └── pinkie@2.0.4
77 silly idealTree │ │ ├─┬ portscanner@1.0.0
77 silly idealTree │ │ │ └── async@0.1.15
77 silly idealTree │ │ ├── qs@6.2.1
77 silly idealTree │ │ ├─┬ resp-modifier@6.0.2
77 silly idealTree │ │ │ ├─┬ debug@2.2.0
77 silly idealTree │ │ │ │ └── ms@0.7.1
77 silly idealTree │ │ │ └─┬ minimatch@3.0.3
77 silly idealTree │ │ │   └─┬ brace-expansion@1.1.6
77 silly idealTree │ │ │     ├── balanced-match@0.4.2
77 silly idealTree │ │ │     └── concat-map@0.0.1
77 silly idealTree │ │ ├── rx@4.1.0
77 silly idealTree │ │ ├─┬ serve-index@1.8.0
77 silly idealTree │ │ │ ├─┬ accepts@1.3.3
77 silly idealTree │ │ │ │ └── negotiator@0.6.1
77 silly idealTree │ │ │ ├── batch@0.5.3
77 silly idealTree │ │ │ ├─┬ debug@2.2.0
77 silly idealTree │ │ │ │ └── ms@0.7.1
77 silly idealTree │ │ │ ├── escape-html@1.0.3
77 silly idealTree │ │ │ ├─┬ http-errors@1.5.0
77 silly idealTree │ │ │ │ ├── inherits@2.0.1
77 silly idealTree │ │ │ │ ├── setprototypeof@1.0.1
77 silly idealTree │ │ │ │ └── statuses@1.3.0
77 silly idealTree │ │ │ ├─┬ mime-types@2.1.12
77 silly idealTree │ │ │ │ └── mime-db@1.24.0
77 silly idealTree │ │ │ └── parseurl@1.3.1
77 silly idealTree │ │ ├─┬ serve-static@1.11.1
77 silly idealTree │ │ │ ├── encodeurl@1.0.1
77 silly idealTree │ │ │ ├── escape-html@1.0.3
77 silly idealTree │ │ │ ├── parseurl@1.3.1
77 silly idealTree │ │ │ └─┬ send@0.14.1
77 silly idealTree │ │ │   ├── debug@2.2.0
77 silly idealTree │ │ │   ├── depd@1.1.0
77 silly idealTree │ │ │   ├── destroy@1.0.4
77 silly idealTree │ │ │   ├── etag@1.7.0
77 silly idealTree │ │ │   ├── fresh@0.3.0
77 silly idealTree │ │ │   ├─┬ http-errors@1.5.0
77 silly idealTree │ │ │   │ ├── inherits@2.0.1
77 silly idealTree │ │ │   │ └── setprototypeof@1.0.1
77 silly idealTree │ │ │   ├── mime@1.3.4
77 silly idealTree │ │ │   ├── ms@0.7.1
77 silly idealTree │ │ │   ├─┬ on-finished@2.3.0
77 silly idealTree │ │ │   │ └── ee-first@1.1.1
77 silly idealTree │ │ │   ├── range-parser@1.2.0
77 silly idealTree │ │ │   └── statuses@1.3.0
77 silly idealTree │ │ ├── server-destroy@1.0.1
77 silly idealTree │ │ ├─┬ socket.io@1.5.0
77 silly idealTree │ │ │ ├─┬ debug@2.2.0
77 silly idealTree │ │ │ │ └── ms@0.7.1
77 silly idealTree │ │ │ ├─┬ engine.io@1.7.0
77 silly idealTree │ │ │ │ ├─┬ accepts@1.3.3
77 silly idealTree │ │ │ │ │ ├─┬ mime-types@2.1.12
77 silly idealTree │ │ │ │ │ │ └── mime-db@1.24.0
77 silly idealTree │ │ │ │ │ └── negotiator@0.6.1
77 silly idealTree │ │ │ │ ├── base64id@0.1.0
77 silly idealTree │ │ │ │ ├─┬ engine.io-parser@1.3.0
77 silly idealTree │ │ │ │ │ ├── after@0.8.1
77 silly idealTree │ │ │ │ │ ├── arraybuffer.slice@0.0.6
77 silly idealTree │ │ │ │ │ ├── base64-arraybuffer@0.1.5
77 silly idealTree │ │ │ │ │ ├── blob@0.0.4
77 silly idealTree │ │ │ │ │ ├─┬ has-binary@0.1.6
77 silly idealTree │ │ │ │ │ │ └── isarray@0.0.1
77 silly idealTree │ │ │ │ │ └── wtf-8@1.0.0
77 silly idealTree │ │ │ │ └─┬ ws@1.1.1
77 silly idealTree │ │ │ │   ├── options@0.0.6
77 silly idealTree │ │ │ │   └── ultron@1.0.2
77 silly idealTree │ │ │ ├─┬ has-binary@0.1.7
77 silly idealTree │ │ │ │ └── isarray@0.0.1
77 silly idealTree │ │ │ ├─┬ socket.io-adapter@0.4.0
77 silly idealTree │ │ │ │ └─┬ socket.io-parser@2.2.2
77 silly idealTree │ │ │ │   ├── benchmark@1.0.0
77 silly idealTree │ │ │ │   ├── component-emitter@1.1.2
77 silly idealTree │ │ │ │   ├── debug@0.7.4
77 silly idealTree │ │ │ │   ├── isarray@0.0.1
77 silly idealTree │ │ │ │   └── json3@3.2.6
77 silly idealTree │ │ │ ├─┬ socket.io-client@1.5.0
77 silly idealTree │ │ │ │ ├── backo2@1.0.2
77 silly idealTree │ │ │ │ ├── component-bind@1.0.0
77 silly idealTree │ │ │ │ ├── component-emitter@1.2.0
77 silly idealTree │ │ │ │ ├─┬ engine.io-client@1.7.0
77 silly idealTree │ │ │ │ │ ├── component-emitter@1.1.2
77 silly idealTree │ │ │ │ │ ├── component-inherit@0.0.3
77 silly idealTree │ │ │ │ │ ├─┬ engine.io-parser@1.3.0
77 silly idealTree │ │ │ │ │ │ ├── after@0.8.1
77 silly idealTree │ │ │ │ │ │ ├── arraybuffer.slice@0.0.6
77 silly idealTree │ │ │ │ │ │ ├── base64-arraybuffer@0.1.5
77 silly idealTree │ │ │ │ │ │ ├── blob@0.0.4
77 silly idealTree │ │ │ │ │ │ ├─┬ has-binary@0.1.6
77 silly idealTree │ │ │ │ │ │ │ └── isarray@0.0.1
77 silly idealTree │ │ │ │ │ │ └── wtf-8@1.0.0
77 silly idealTree │ │ │ │ │ ├── has-cors@1.1.0
77 silly idealTree │ │ │ │ │ ├─┬ parsejson@0.0.1
77 silly idealTree │ │ │ │ │ │ └─┬ better-assert@1.0.2
77 silly idealTree │ │ │ │ │ │   └── callsite@1.0.0
77 silly idealTree │ │ │ │ │ ├─┬ parseqs@0.0.2
77 silly idealTree │ │ │ │ │ │ └─┬ better-assert@1.0.2
77 silly idealTree │ │ │ │ │ │   └── callsite@1.0.0
77 silly idealTree │ │ │ │ │ ├─┬ ws@1.1.1
77 silly idealTree │ │ │ │ │ │ ├── options@0.0.6
77 silly idealTree │ │ │ │ │ │ └── ultron@1.0.2
77 silly idealTree │ │ │ │ │ ├── xmlhttprequest-ssl@1.5.1
77 silly idealTree │ │ │ │ │ └── yeast@0.1.2
77 silly idealTree │ │ │ │ ├── indexof@0.0.1
77 silly idealTree │ │ │ │ ├── object-component@0.0.3
77 silly idealTree │ │ │ │ ├─┬ parseuri@0.0.4
77 silly idealTree │ │ │ │ │ └─┬ better-assert@1.0.2
77 silly idealTree │ │ │ │ │   └── callsite@1.0.0
77 silly idealTree │ │ │ │ └── to-array@0.1.4
77 silly idealTree │ │ │ └─┬ socket.io-parser@2.2.6
77 silly idealTree │ │ │   ├── benchmark@1.0.0
77 silly idealTree │ │ │   ├── component-emitter@1.1.2
77 silly idealTree │ │ │   ├── isarray@0.0.1
77 silly idealTree │ │ │   └── json3@3.3.2
77 silly idealTree │ │ ├── ua-parser-js@0.7.10
77 silly idealTree │ │ └─┬ yargs@6.0.0
77 silly idealTree │ │   ├─┬ cliui@3.2.0
77 silly idealTree │ │   │ ├─┬ strip-ansi@3.0.1
77 silly idealTree │ │   │ │ └── ansi-regex@2.0.0
77 silly idealTree │ │   │ └── wrap-ansi@2.0.0
77 silly idealTree │ │   ├── decamelize@1.2.0
77 silly idealTree │ │   ├── get-caller-file@1.0.2
77 silly idealTree │ │   ├─┬ os-locale@1.4.0
77 silly idealTree │ │   │ └─┬ lcid@1.0.0
77 silly idealTree │ │   │   └── invert-kv@1.0.0
77 silly idealTree │ │   ├─┬ read-pkg-up@1.0.1
77 silly idealTree │ │   │ ├─┬ find-up@1.1.2
77 silly idealTree │ │   │ │ ├── path-exists@2.1.0
77 silly idealTree │ │   │ │ └─┬ pinkie-promise@2.0.1
77 silly idealTree │ │   │ │   └── pinkie@2.0.4
77 silly idealTree │ │   │ └─┬ read-pkg@1.1.0
77 silly idealTree │ │   │   ├─┬ load-json-file@1.1.0
77 silly idealTree │ │   │   │ ├── graceful-fs@4.1.9
77 silly idealTree │ │   │   │ ├─┬ parse-json@2.2.0
77 silly idealTree │ │   │   │ │ └─┬ error-ex@1.3.0
77 silly idealTree │ │   │   │ │   └── is-arrayish@0.2.1
77 silly idealTree │ │   │   │ ├── pify@2.3.0
77 silly idealTree │ │   │   │ ├─┬ pinkie-promise@2.0.1
77 silly idealTree │ │   │   │ │ └── pinkie@2.0.4
77 silly idealTree │ │   │   │ └─┬ strip-bom@2.0.0
77 silly idealTree │ │   │   │   └── is-utf8@0.2.1
77 silly idealTree │ │   │   ├─┬ normalize-package-data@2.3.5
77 silly idealTree │ │   │   │ ├── hosted-git-info@2.1.5
77 silly idealTree │ │   │   │ ├─┬ is-builtin-module@1.0.0
77 silly idealTree │ │   │   │ │ └── builtin-modules@1.1.1
77 silly idealTree │ │   │   │ ├── semver@5.3.0
77 silly idealTree │ │   │   │ └─┬ validate-npm-package-license@3.0.1
77 silly idealTree │ │   │   │   ├─┬ spdx-correct@1.0.2
77 silly idealTree │ │   │   │   │ └── spdx-license-ids@1.2.2
77 silly idealTree │ │   │   │   └── spdx-expression-parse@1.0.4
77 silly idealTree │ │   │   └─┬ path-type@1.1.0
77 silly idealTree │ │   │     ├── graceful-fs@4.1.9
77 silly idealTree │ │   │     ├── pify@2.3.0
77 silly idealTree │ │   │     └─┬ pinkie-promise@2.0.1
77 silly idealTree │ │   │       └── pinkie@2.0.4
77 silly idealTree │ │   ├── require-directory@2.1.1
77 silly idealTree │ │   ├── require-main-filename@1.0.1
77 silly idealTree │ │   ├── set-blocking@2.0.0
77 silly idealTree │ │   ├─┬ string-width@1.0.2
77 silly idealTree │ │   │ ├─┬ code-point-at@1.0.1
77 silly idealTree │ │   │ │ └── number-is-nan@1.0.1
77 silly idealTree │ │   │ ├─┬ is-fullwidth-code-point@1.0.0
77 silly idealTree │ │   │ │ └── number-is-nan@1.0.1
77 silly idealTree │ │   │ └─┬ strip-ansi@3.0.1
77 silly idealTree │ │   │   └── ansi-regex@2.0.0
77 silly idealTree │ │   ├── which-module@1.0.0
77 silly idealTree │ │   ├── window-size@0.2.0
77 silly idealTree │ │   ├── y18n@3.2.1
77 silly idealTree │ │   └─┬ yargs-parser@4.0.2
77 silly idealTree │ │     └── camelcase@3.0.0
77 silly idealTree │ ├── connect-history-api-fallback@1.3.0
77 silly idealTree │ ├─┬ connect-logger@0.0.1
77 silly idealTree │ │ └── moment@2.15.2
77 silly idealTree │ ├── lodash@4.16.4
77 silly idealTree │ └── minimist@1.2.0
77 silly idealTree ├── reflect-metadata@0.1.8
77 silly idealTree ├─┬ rxjs@5.0.0-beta.12
77 silly idealTree │ └── symbol-observable@1.0.4
77 silly idealTree ├─┬ systemjs@0.19.39
77 silly idealTree │ └── when@3.7.7
77 silly idealTree ├── typescript@2.0.6
77 silly idealTree └── zone.js@0.6.26
78 silly generateActionsToTake Starting
79 silly install generateActionsToTake
80 silly generateActionsToTake Finishing
81 silly diffTrees action count 1
82 silly diffTrees add angular2-localstorage@0.4.0
83 silly decomposeActions action count 8
84 silly decomposeActions fetch angular2-localstorage@0.4.0
85 silly decomposeActions extract angular2-localstorage@0.4.0
86 silly decomposeActions test angular2-localstorage@0.4.0
87 silly decomposeActions preinstall angular2-localstorage@0.4.0
88 silly decomposeActions build angular2-localstorage@0.4.0
89 silly decomposeActions install angular2-localstorage@0.4.0
90 silly decomposeActions postinstall angular2-localstorage@0.4.0
91 silly decomposeActions finalize angular2-localstorage@0.4.0
92 silly runTopLevelLifecycles Starting
93 silly executeActions Starting
94 silly install executeActions
95 silly doSerial global-install 0
96 silly doParallel fetch 1
97 verbose correctMkdir /Users/tuannguyen/.npm/_locks correctMkdir not in flight; initializing
98 verbose lock using /Users/tuannguyen/.npm/_locks/staging-562aac1c6da885aa.lock for /Users/tuannguyen/Desktop/FTI/fpt-chatbot-frontend/node_modules/.staging
99 silly doParallel extract 1
100 silly extract angular2-localstorage@0.4.0
101 verbose unbuild node_modules/.staging/angular2-localstorage-c707fd7d
102 silly gentlyRm /Users/tuannguyen/Desktop/FTI/fpt-chatbot-frontend/node_modules/.staging/angular2-localstorage-c707fd7d is being purged from base /Users/tuannguyen/Desktop/FTI/fpt-chatbot-frontend
103 verbose gentlyRm don't care about contents; nuking /Users/tuannguyen/Desktop/FTI/fpt-chatbot-frontend/node_modules/.staging/angular2-localstorage-c707fd7d
104 verbose tar unpack /Users/tuannguyen/.npm/angular2-localstorage/0.4.0/package.tgz
105 verbose tar unpacking to /Users/tuannguyen/Desktop/FTI/fpt-chatbot-frontend/node_modules/.staging/angular2-localstorage-c707fd7d
106 silly gentlyRm /Users/tuannguyen/Desktop/FTI/fpt-chatbot-frontend/node_modules/.staging/angular2-localstorage-c707fd7d is being purged
107 verbose gentlyRm don't care about contents; nuking /Users/tuannguyen/Desktop/FTI/fpt-chatbot-frontend/node_modules/.staging/angular2-localstorage-c707fd7d
108 silly gunzTarPerm modes [ '755', '644' ]
109 silly gunzTarPerm extractEntry package.json
110 silly gunzTarPerm extractEntry .npmignore
111 silly gunzTarPerm extractEntry README.md
112 silly gunzTarPerm extractEntry index.js
113 silly gunzTarPerm extractEntry LocalStorageEmitter.ts
114 silly gunzTarPerm extractEntry WebStorage.ts
115 silly gunzTarPerm extractEntry tsconfig.json
116 silly gunzTarPerm extractEntry typings.json
117 silly gentlyRm /Users/tuannguyen/Desktop/FTI/fpt-chatbot-frontend/node_modules/.staging/angular2-localstorage-c707fd7d/node_modules is being purged
118 verbose gentlyRm don't care about contents; nuking /Users/tuannguyen/Desktop/FTI/fpt-chatbot-frontend/node_modules/.staging/angular2-localstorage-c707fd7d/node_modules
119 silly doParallel preinstall 1
120 silly preinstall angular2-localstorage@0.4.0 /Users/tuannguyen/Desktop/FTI/fpt-chatbot-frontend/node_modules/.staging/angular2-localstorage-c707fd7d
121 info lifecycle angular2-localstorage@0.4.0~preinstall: angular2-localstorage@0.4.0
122 silly lifecycle angular2-localstorage@0.4.0~preinstall: no script for preinstall, continuing
123 silly doReverseSerial remove 0
124 silly doSerial move 0
125 silly doSerial finalize 1
126 silly finalize /Users/tuannguyen/Desktop/FTI/fpt-chatbot-frontend/node_modules/angular2-localstorage
127 silly doSerial build 1
128 silly build angular2-localstorage@0.4.0
129 info linkStuff angular2-localstorage@0.4.0
130 silly linkStuff angular2-localstorage@0.4.0 has /Users/tuannguyen/Desktop/FTI/fpt-chatbot-frontend/node_modules as its parent node_modules
131 verbose linkBins angular2-localstorage@0.4.0
132 verbose linkMans angular2-localstorage@0.4.0
133 silly doSerial global-link 0
134 silly doParallel update-linked 0
135 silly doSerial install 1
136 silly install angular2-localstorage@0.4.0 /Users/tuannguyen/Desktop/FTI/fpt-chatbot-frontend/node_modules/.staging/angular2-localstorage-c707fd7d
137 info lifecycle angular2-localstorage@0.4.0~install: angular2-localstorage@0.4.0
138 silly lifecycle angular2-localstorage@0.4.0~install: no script for install, continuing
139 silly doSerial postinstall 1
140 silly postinstall angular2-localstorage@0.4.0 /Users/tuannguyen/Desktop/FTI/fpt-chatbot-frontend/node_modules/.staging/angular2-localstorage-c707fd7d
141 info lifecycle angular2-localstorage@0.4.0~postinstall: angular2-localstorage@0.4.0
142 verbose lifecycle angular2-localstorage@0.4.0~postinstall: unsafe-perm in lifecycle true
143 verbose lifecycle angular2-localstorage@0.4.0~postinstall: PATH: /usr/local/lib/node_modules/npm/bin/node-gyp-bin:/Users/tuannguyen/Desktop/FTI/fpt-chatbot-frontend/node_modules/angular2-localstorage/node_modules/.bin:/Users/tuannguyen/Desktop/FTI/fpt-chatbot-frontend/node_modules/.bin:/usr/local/bin:/usr/bin:/bin:/usr/sbin:/sbin
144 verbose lifecycle angular2-localstorage@0.4.0~postinstall: CWD: /Users/tuannguyen/Desktop/FTI/fpt-chatbot-frontend/node_modules/angular2-localstorage
145 silly lifecycle angular2-localstorage@0.4.0~postinstall: Args: [ '-c', 'typings install' ]
146 info lifecycle angular2-localstorage@0.4.0~postinstall: Failed to exec postinstall script
147 verbose unlock done using /Users/tuannguyen/.npm/_locks/staging-562aac1c6da885aa.lock for /Users/tuannguyen/Desktop/FTI/fpt-chatbot-frontend/node_modules/.staging
148 silly rollbackFailedOptional Starting
149 silly rollbackFailedOptional Finishing
150 silly runTopLevelLifecycles Finishing
151 silly install printInstalled
152 warn fpt-chatbot-frontend@1.0.0 No description
153 verbose If you need help, you may report this error at:
153 verbose     <https://github.com/npm/npm/issues>
154 warn fpt-chatbot-frontend@1.0.0 No repository field.
155 verbose If you need help, you may report this error at:
155 verbose     <https://github.com/npm/npm/issues>
156 warn fpt-chatbot-frontend@1.0.0 No license field.
157 verbose If you need help, you may report this error at:
157 verbose     <https://github.com/npm/npm/issues>
158 verbose stack Error: angular2-localstorage@0.4.0 postinstall: `typings install`
158 verbose stack spawn ENOENT
158 verbose stack     at ChildProcess.<anonymous> (/usr/local/lib/node_modules/npm/lib/utils/spawn.js:33:16)
158 verbose stack     at emitTwo (events.js:87:13)
158 verbose stack     at ChildProcess.emit (events.js:172:7)
158 verbose stack     at maybeClose (internal/child_process.js:827:16)
158 verbose stack     at Process.ChildProcess._handle.onexit (internal/child_process.js:211:5)
159 verbose pkgid angular2-localstorage@0.4.0
160 verbose cwd /Users/tuannguyen/Desktop/FTI/fpt-chatbot-frontend
161 error Darwin 16.0.0
162 error argv "/usr/local/bin/node" "/usr/local/bin/npm" "install" "--save" "angular2-localstorage"
163 error node v4.4.7
164 error npm  v3.10.9
165 error file sh
166 error code ELIFECYCLE
167 error errno ENOENT
168 error syscall spawn
169 error angular2-localstorage@0.4.0 postinstall: `typings install`
169 error spawn ENOENT
170 error Failed at the angular2-localstorage@0.4.0 postinstall script 'typings install'.
170 error Make sure you have the latest version of node.js and npm installed.
170 error If you do, this is most likely a problem with the angular2-localstorage package,
170 error not with npm itself.
170 error Tell the author that this fails on your system:
170 error     typings install
170 error You can get information on how to open an issue for this project with:
170 error     npm bugs angular2-localstorage
170 error Or if that isn't available, you can get their info via:
170 error     npm owner ls angular2-localstorage
170 error There is likely additional logging output above.
171 verbose exit [ 1, true ]
